<?xml version="1.0" encoding="UTF-8"?>
<!-- Generated by org.testng.reporters.JUnitReportReporter -->
<testsuite hostname="ip-10-234-7-88" name="com.yahoo.ycsb.db.ElasticSearchClientTest" tests="5" failures="0" timestamp="17 Apr 2014 06:59:08 GMT" time="0.067" errors="0">
  <testcase name="testInsert" time="0.002" classname="com.yahoo.ycsb.db.ElasticSearchClientTest"/>
  <testcase name="testDelete" time="0.004" classname="com.yahoo.ycsb.db.ElasticSearchClientTest"/>
  <testcase name="testRead" time="0.008" classname="com.yahoo.ycsb.db.ElasticSearchClientTest"/>
  <testcase name="testUpdate" time="0.002" classname="com.yahoo.ycsb.db.ElasticSearchClientTest"/>
  <testcase name="testScan" time="0.051" classname="com.yahoo.ycsb.db.ElasticSearchClientTest"/>
</testsuite>
